2015-04-28 21:44:07.161 HelloCordova[7335:166980] DiskCookieStorage changing policy from 2 to 0, cookie file: file:///Users/gjackson/Library/Developer/CoreSimulator/Devices/0A9F6A2B-0653-4A10-A57C-AC2550931A60/data/Containers/Data/Application/254ADA85-A9C0-4EF2-87C9-25E164CAAA23/Library/Cookies/Cookies.binarycookies
2015-04-28 21:44:07.370 HelloCordova[7335:166980] Apache Cordova native platform version 3.8.0 is starting.
2015-04-28 21:44:07.370 HelloCordova[7335:166980] Multi-tasking -> Device: YES, App: YES
2015-04-28 21:44:07.383 HelloCordova[7335:166980] Unlimited access to network resources
2015-04-28 21:44:07.392 HelloCordova[7335:166980] 

Started backup to iCloud! Please be careful.
Your application might be rejected by Apple if you store too much data.
For more information please read "iOS Data Storage Guidelines" at:
https://developer.apple.com/icloud/documentation/data-storage/
To disable web storage backup to iCloud, set the BackupWebStorage preference to "local" in the Cordova config.xml file

2015-04-28 21:44:08.070 HelloCordova[7335:166980] Resetting plugins due to page load.
2015-04-28 21:44:08.213 HelloCordova[7335:166980] Finished load of: file:///Users/gjackson/Library/Developer/CoreSimulator/Devices/0A9F6A2B-0653-4A10-A57C-AC2550931A60/data/Containers/Bundle/Application/8E52A36F-8462-49B0-A867-D5A6D8303F4B/HelloCordova.app/www/index.html
2015-04-28 21:44:22.909 HelloCordova[7335:166980] THREAD WARNING: ['Notification'] took '47.815918' ms. Plugin should use a background thread.
2015-04-28 21:45:02.763 HelloCordova[7335:168098] Terminating since there is no system app.
2015-04-28 21:45:29.383 HelloCordova[7584:169739] DiskCookieStorage changing policy from 2 to 0, cookie file: file:///Users/gjackson/Library/Developer/CoreSimulator/Devices/0A9F6A2B-0653-4A10-A57C-AC2550931A60/data/Containers/Data/Application/897C1181-198A-42F3-B1F4-7F108FFC4812/Library/Cookies/Cookies.binarycookies
2015-04-28 21:45:29.547 HelloCordova[7584:169739] Apache Cordova native platform version 3.8.0 is starting.
2015-04-28 21:45:29.548 HelloCordova[7584:169739] Multi-tasking -> Device: YES, App: YES
2015-04-28 21:45:29.552 HelloCordova[7584:169739] Unlimited access to network resources
2015-04-28 21:45:29.555 HelloCordova[7584:169739] 

Started backup to iCloud! Please be careful.
Your application might be rejected by Apple if you store too much data.
For more information please read "iOS Data Storage Guidelines" at:
https://developer.apple.com/icloud/documentation/data-storage/
To disable web storage backup to iCloud, set the BackupWebStorage preference to "local" in the Cordova config.xml file

2015-04-28 21:45:29.737 HelloCordova[7584:169739] Resetting plugins due to page load.
2015-04-28 21:45:29.804 HelloCordova[7584:169739] Finished load of: file:///Users/gjackson/Library/Developer/CoreSimulator/Devices/0A9F6A2B-0653-4A10-A57C-AC2550931A60/data/Containers/Bundle/Application/AFA866B5-198B-4416-BA47-7AA19ED05BD2/HelloCordova.app/www/index.html
2015-04-28 21:46:43.258 HelloCordova[7584:169739] THREAD WARNING: ['Notification'] took '24.222900' ms. Plugin should use a background thread.
2015-04-28 21:49:11.174 HelloCordova[7584:172674] Terminating since there is no system app.
2015-04-28 21:50:43.702 HelloCordova[7794:173884] DiskCookieStorage changing policy from 2 to 0, cookie file: file:///Users/gjackson/Library/Developer/CoreSimulator/Devices/0A9F6A2B-0653-4A10-A57C-AC2550931A60/data/Containers/Data/Application/47813D51-3D6C-4BB2-9575-F362553594C7/Library/Cookies/Cookies.binarycookies
2015-04-28 21:50:43.822 HelloCordova[7794:173884] Apache Cordova native platform version 3.8.0 is starting.
2015-04-28 21:50:43.822 HelloCordova[7794:173884] Multi-tasking -> Device: YES, App: YES
2015-04-28 21:50:43.824 HelloCordova[7794:173884] Unlimited access to network resources
2015-04-28 21:50:43.827 HelloCordova[7794:173884] 

Started backup to iCloud! Please be careful.
Your application might be rejected by Apple if you store too much data.
For more information please read "iOS Data Storage Guidelines" at:
https://developer.apple.com/icloud/documentation/data-storage/
To disable web storage backup to iCloud, set the BackupWebStorage preference to "local" in the Cordova config.xml file

2015-04-28 21:50:43.979 HelloCordova[7794:173884] Resetting plugins due to page load.
2015-04-28 21:50:44.035 HelloCordova[7794:173884] Finished load of: file:///Users/gjackson/Library/Developer/CoreSimulator/Devices/0A9F6A2B-0653-4A10-A57C-AC2550931A60/data/Containers/Bundle/Application/4B69338B-3DD7-424A-84FC-8357EC289FAA/HelloCordova.app/www/index.html
2015-04-28 21:50:48.131 HelloCordova[7794:173884] THREAD WARNING: ['Notification'] took '17.625000' ms. Plugin should use a background thread.
